c:\users\thomas guyot\deviant\deviant\debug\vc140.pdb
c:\users\thomas guyot\deviant\deviant\debug\vc140.idb
c:\users\thomas guyot\deviant\deviant\debug\file_parser.obj
c:\users\thomas guyot\deviant\deviant\debug\main.obj
c:\users\thomas guyot\deviant\deviant\debug\maingame.obj
c:\users\thomas guyot\deviant\deviant\debug\menu.obj
c:\users\thomas guyot\deviant\deviant\debug\object.obj
c:\users\thomas guyot\deviant\deviant\debug\player.obj
c:\users\thomas guyot\deviant\deviant\debug\render.obj
c:\users\thomas guyot\deviant\deviant\debug\window.obj
c:\users\thomas guyot\deviant\deviant\debug\world.obj
c:\users\thomas guyot\deviant\deviant\bin\deviant.ilk
c:\users\thomas guyot\deviant\deviant\bin\deviant.exe
c:\users\thomas guyot\deviant\deviant\bin\deviant.pdb
c:\users\thomas guyot\deviant\deviant\.\bin\deviant.exe
c:\users\thomas guyot\deviant\deviant\debug\deviant.tlog\cl.command.1.tlog
c:\users\thomas guyot\deviant\deviant\debug\deviant.tlog\cl.read.1.tlog
c:\users\thomas guyot\deviant\deviant\debug\deviant.tlog\cl.write.1.tlog
c:\users\thomas guyot\deviant\deviant\debug\deviant.tlog\link.command.1.tlog
c:\users\thomas guyot\deviant\deviant\debug\deviant.tlog\link.read.1.tlog
c:\users\thomas guyot\deviant\deviant\debug\deviant.tlog\link.write.1.tlog
